== carga_inicial.py ==
  desde: 2026-01-01 (start_time=1767225600)
  [pag 1] +1000 tickets · acum   1000 · 23.1s
  [pag 2] +1000 tickets · acum   2000 · 21.7s
  [pag 3] +1000 tickets · acum   3000 · 20.9s
  [pag 4] +1000 tickets · acum   4000 · 22.3s
  [pag 5] +1000 tickets · acum   5000 · 19.2s
  [pag 6] +1000 tickets · acum   6000 · 17.4s
  [pag 7] +1000 tickets · acum   7000 · 15.6s
  [pag 8] +1000 tickets · acum   8000 · 7.9s
  [pag 9] +1000 tickets · acum   9000 · 9.0s
  [pag 10] +1000 tickets · acum  10000 · 9.0s
  [pag 11] +1000 tickets · acum  11000 · 7.1s
  [pag 12] +1000 tickets · acum  12000 · 13.1s
  [pag 13] +1000 tickets · acum  13000 · 7.9s
  [pag 14] +1000 tickets · acum  14000 · 12.4s
  [pag 15] +1000 tickets · acum  15000 · 9.0s
  [pag 16] +1000 tickets · acum  16000 · 7.0s
  [pag 17] +1000 tickets · acum  17000 · 12.0s
  [pag 18] +1000 tickets · acum  18000 · 7.1s
  [pag 19] +1000 tickets · acum  19000 · 12.3s
  [pag 20] +1000 tickets · acum  20000 · 7.5s
  [pag 21] +1000 tickets · acum  21000 · 6.8s
  [pag 22] +1000 tickets · acum  22000 · 11.1s
  [pag 23] +1000 tickets · acum  23000 · 7.9s
  [pag 24] +1000 tickets · acum  24000 · 8.0s
  [pag 25] +1000 tickets · acum  25000 · 9.8s
  [pag 26] +1000 tickets · acum  26000 · 12.1s
  [pag 27] +1000 tickets · acum  27000 · 10.6s
  [pag 28] +1000 tickets · acum  28000 · 7.7s
  [pag 29] +1000 tickets · acum  29000 · 7.0s
  [pag 30] +1000 tickets · acum  30000 · 6.5s
  [pag 31] +1000 tickets · acum  31000 · 12.1s
  [pag 32] +1000 tickets · acum  32000 · 7.7s
  [pag 33] +1000 tickets · acum  33000 · 6.7s
  [pag 34] +1000 tickets · acum  34000 · 7.6s
  [pag 35] +1000 tickets · acum  35000 · 12.8s
  [pag 36] +1000 tickets · acum  36000 · 9.8s
  [pag 37] +1000 tickets · acum  37000 · 10.0s
  [pag 38] +1000 tickets · acum  38000 · 10.8s
  [pag 39] +1000 tickets · acum  39000 · 10.2s
  [pag 40] +1000 tickets · acum  40000 · 11.3s
  [pag 41] +1000 tickets · acum  41000 · 7.6s
  [pag 42] + 452 tickets · acum  41452 · 4.0s
  total incremental: 41452 tickets en 459.8s (42 págs)
  dataset tras incremental: 41452 tickets
  queue activo real (Search): 447 tickets
  [enrich 1/5] +100 (3.3s)
  [enrich 2/5] +100 (3.3s)
  [enrich 3/5] +100 (2.8s)
  [enrich 4/5] +100 (2.3s)
  [enrich 5/5] +47 (3.1s)
  activos: 447 · agregados (no estaban en 2026-01-01+): 43 · fuera SLA: 189
  enrich solved_at: 40984 cerrados
  [enrich 1/410] +100 (4.0s)
  [enrich 2/410] +100 (4.4s)
  [enrich 3/410] +100 (4.6s)
  [enrich 4/410] +100 (4.1s)
  [enrich 5/410] +100 (4.1s)
  [enrich 6/410] +100 (4.5s)
  [enrich 7/410] +100 (3.7s)
  [enrich 8/410] +100 (4.4s)
  [enrich 9/410] +100 (3.6s)
  [enrich 10/410] +100 (4.4s)
  [enrich 11/410] +100 (4.5s)
  [enrich 12/410] +100 (5.4s)
  [enrich 13/410] +100 (4.6s)
  [enrich 14/410] +100 (4.6s)
  [enrich 15/410] +100 (5.1s)
  [enrich 16/410] +100 (5.2s)
  [enrich 17/410] +100 (3.9s)
  [enrich 18/410] +100 (5.2s)
  [enrich 19/410] +100 (5.1s)
  [enrich 20/410] +100 (4.9s)
  [enrich 21/410] +100 (3.8s)
  [enrich 22/410] +100 (3.9s)
  [enrich 23/410] +100 (4.3s)
  [enrich 24/410] +100 (4.5s)
  [enrich 25/410] +100 (4.2s)
  [enrich 26/410] +100 (5.2s)
  [enrich 27/410] +100 (5.1s)
  [enrich 28/410] +100 (3.6s)
  [enrich 29/410] +100 (3.7s)
  [enrich 30/410] +100 (4.4s)
  [enrich 31/410] +100 (5.1s)
  [enrich 32/410] +100 (4.6s)
  [enrich 33/410] +100 (3.9s)
  [enrich 34/410] +100 (4.5s)
  [enrich 35/410] +100 (4.3s)
  [enrich 36/410] +100 (4.6s)
  [enrich 37/410] +100 (4.9s)
  [enrich 38/410] +100 (5.1s)
  [enrich 39/410] +100 (4.7s)
  [enrich 40/410] +100 (3.5s)
  [enrich 41/410] +100 (4.3s)
  [enrich 42/410] +100 (4.2s)
  [enrich 43/410] +100 (4.1s)
  [enrich 44/410] +100 (4.5s)
  [enrich 45/410] +100 (3.6s)
  [enrich 46/410] +100 (4.3s)
  [enrich 47/410] +100 (5.4s)
  [enrich 48/410] +100 (4.4s)
  [enrich 49/410] +100 (4.2s)
  [enrich 50/410] +100 (5.1s)
  [enrich 51/410] +100 (4.3s)
  [enrich 52/410] +100 (3.9s)
  [enrich 53/410] +100 (4.9s)
  [enrich 54/410] +100 (4.1s)
  [enrich 55/410] +100 (5.4s)
  [enrich 56/410] +100 (4.2s)
  [enrich 57/410] +100 (3.7s)
  [enrich 58/410] +100 (4.1s)
  [enrich 59/410] +100 (4.3s)
  [enrich 60/410] +100 (4.5s)
  [enrich 61/410] +100 (3.4s)
  [enrich 62/410] +100 (4.7s)
  [enrich 63/410] +100 (4.4s)
  [enrich 64/410] +100 (4.7s)
  [enrich 65/410] +100 (4.1s)
  [enrich 66/410] +100 (3.0s)
  [enrich 67/410] +100 (4.4s)
  [enrich 68/410] +100 (3.2s)
  [enrich 69/410] +100 (3.8s)
  [enrich 70/410] +100 (3.9s)
  [enrich 71/410] +100 (3.3s)
  [enrich 72/410] +100 (3.8s)
  [enrich 73/410] +100 (2.9s)
  [enrich 74/410] +100 (3.5s)
  [enrich 75/410] +100 (3.5s)
  [enrich 76/410] +100 (3.7s)
  [enrich 77/410] +100 (2.7s)
  [enrich 78/410] +100 (3.2s)
  [enrich 79/410] +100 (3.9s)
  [enrich 80/410] +100 (3.6s)
  [enrich 81/410] +100 (4.5s)
  [enrich 82/410] +100 (3.8s)
  [enrich 83/410] +100 (2.9s)
  [enrich 84/410] +100 (2.8s)
  [enrich 85/410] +100 (3.8s)
  [enrich 86/410] +100 (2.9s)
  [enrich 87/410] +100 (4.5s)
  [enrich 88/410] +100 (3.9s)
  [enrich 89/410] +100 (3.3s)
  [enrich 90/410] +100 (4.5s)
  [enrich 91/410] +100 (3.3s)
  [enrich 92/410] +100 (3.0s)
  [enrich 93/410] +100 (3.1s)
  [enrich 94/410] +100 (4.2s)
  [enrich 95/410] +100 (4.1s)
  [enrich 96/410] +100 (3.3s)
  [enrich 97/410] +100 (3.6s)
  [enrich 98/410] +100 (5.5s)
  [enrich 99/410] +100 (3.5s)
  [enrich 100/410] +100 (3.0s)
  [enrich 101/410] +100 (2.9s)
  [enrich 102/410] +100 (2.8s)
  [enrich 103/410] +100 (3.3s)
  [enrich 104/410] +100 (2.8s)
  [enrich 105/410] +100 (3.4s)
  [enrich 106/410] +100 (3.0s)
  [enrich 107/410] +100 (3.4s)
  [enrich 108/410] +100 (2.7s)
  [enrich 109/410] +100 (3.2s)
  [enrich 110/410] +100 (3.6s)
  [enrich 111/410] +100 (4.0s)
  [enrich 112/410] +100 (3.7s)
  [enrich 113/410] +100 (4.0s)
  [enrich 114/410] +100 (3.2s)
  [enrich 115/410] +100 (4.3s)
  [enrich 116/410] +100 (4.2s)
  [enrich 117/410] +100 (3.6s)
  [enrich 118/410] +100 (3.4s)
  [enrich 119/410] +100 (3.2s)
  [enrich 120/410] +100 (5.1s)
  [enrich 121/410] +100 (4.8s)
  [enrich 122/410] +100 (3.3s)
  [enrich 123/410] +100 (4.0s)
  [enrich 124/410] +100 (4.0s)
  [enrich 125/410] +100 (3.2s)
  [enrich 126/410] +100 (3.6s)
  [enrich 127/410] +100 (2.7s)
  [enrich 128/410] +100 (3.5s)
  [enrich 129/410] +100 (3.6s)
  [enrich 130/410] +100 (4.1s)
  [enrich 131/410] +100 (3.3s)
  [enrich 132/410] +100 (3.0s)
  [enrich 133/410] +100 (3.4s)
  [enrich 134/410] +100 (3.4s)
  [enrich 135/410] +100 (4.1s)
  [enrich 136/410] +100 (4.1s)
  [enrich 137/410] +100 (4.4s)
  [enrich 138/410] +100 (3.3s)
  [enrich 139/410] +100 (2.7s)
  [enrich 140/410] +100 (3.1s)
  [enrich 141/410] +100 (3.1s)
  [enrich 142/410] +100 (3.9s)
  [enrich 143/410] +100 (3.2s)
  [enrich 144/410] +100 (4.1s)
  [enrich 145/410] +100 (3.0s)
  [enrich 146/410] +100 (3.7s)
  [enrich 147/410] +100 (2.9s)
  [enrich 148/410] +100 (3.1s)
  [enrich 149/410] +100 (2.2s)
  [enrich 150/410] +100 (3.6s)
  [enrich 151/410] +100 (4.9s)
  [enrich 152/410] +100 (3.8s)
  [enrich 153/410] +100 (2.7s)
  [enrich 154/410] +100 (3.8s)
  [enrich 155/410] +100 (3.6s)
  [enrich 156/410] +100 (3.2s)
  [enrich 157/410] +100 (3.5s)
  [enrich 158/410] +100 (4.6s)
  [enrich 159/410] +100 (4.4s)
  [enrich 160/410] +100 (3.0s)
  [enrich 161/410] +100 (4.2s)
  [enrich 162/410] +100 (3.0s)
  [enrich 163/410] +100 (3.6s)
  [enrich 164/410] +100 (2.9s)
  [enrich 165/410] +100 (4.0s)
  [enrich 166/410] +100 (2.6s)
  [enrich 167/410] +100 (4.2s)
  [enrich 168/410] +100 (3.5s)
  [enrich 169/410] +100 (2.6s)
  [enrich 170/410] +100 (4.5s)
  [enrich 171/410] +100 (3.1s)
  [enrich 172/410] +100 (3.7s)
  [enrich 173/410] +100 (4.2s)
  [enrich 174/410] +100 (4.2s)
  [enrich 175/410] +100 (2.8s)
  [enrich 176/410] +100 (4.3s)
  [enrich 177/410] +100 (3.4s)
  [enrich 178/410] +100 (4.7s)
  [enrich 179/410] +100 (2.9s)
  [enrich 180/410] +100 (3.0s)
  [enrich 181/410] +100 (3.7s)
  [enrich 182/410] +100 (4.0s)
  [enrich 183/410] +100 (3.1s)
  [enrich 184/410] +100 (3.8s)
  [enrich 185/410] +100 (2.8s)
  [enrich 186/410] +100 (2.9s)
  [enrich 187/410] +100 (3.1s)
  [enrich 188/410] +100 (2.8s)
  [enrich 189/410] +100 (2.8s)
  [enrich 190/410] +100 (4.3s)
  [enrich 191/410] +100 (3.0s)
  [enrich 192/410] +100 (2.6s)
  [enrich 193/410] +100 (3.1s)
  [enrich 194/410] +100 (4.7s)
  [enrich 195/410] +100 (3.0s)
  [enrich 196/410] +100 (4.1s)
  [enrich 197/410] +100 (4.2s)
  [enrich 198/410] +100 (2.6s)
  [enrich 199/410] +100 (3.7s)
  [enrich 200/410] +100 (3.6s)
  [enrich 201/410] +100 (3.0s)
  [enrich 202/410] +100 (3.0s)
  [enrich 203/410] +100 (3.2s)
  [enrich 204/410] +100 (3.2s)
  [enrich 205/410] +100 (2.9s)
  [enrich 206/410] +100 (2.8s)
  [enrich 207/410] +100 (3.1s)
  [enrich 208/410] +100 (3.4s)
  [enrich 209/410] +100 (3.8s)
  [enrich 210/410] +100 (21.7s)
  [enrich 211/410] +100 (3.1s)
  [enrich 212/410] +100 (4.0s)
  [enrich 213/410] +100 (2.6s)
  [enrich 214/410] +100 (3.9s)
  [enrich 215/410] +100 (4.0s)
  [enrich 216/410] +100 (4.2s)
  [enrich 217/410] +100 (4.4s)
  [enrich 218/410] +100 (2.5s)
  [enrich 219/410] +100 (3.6s)
  [enrich 220/410] +100 (3.0s)
  [enrich 221/410] +100 (2.9s)
  [enrich 222/410] +100 (3.7s)
  [enrich 223/410] +100 (2.8s)
  [enrich 224/410] +100 (3.6s)
  [enrich 225/410] +100 (3.3s)
  [enrich 226/410] +100 (3.6s)
  [enrich 227/410] +100 (2.5s)
  [enrich 228/410] +100 (2.5s)
  [enrich 229/410] +100 (4.0s)
  [enrich 230/410] +100 (3.8s)
  [enrich 231/410] +100 (3.4s)
  [enrich 232/410] +100 (3.0s)
  [enrich 233/410] +100 (3.6s)
  [enrich 234/410] +100 (3.7s)
  [enrich 235/410] +100 (3.7s)
  [enrich 236/410] +100 (3.8s)
  [enrich 237/410] +100 (3.0s)
  [enrich 238/410] +100 (4.7s)
  [enrich 239/410] +100 (5.0s)
  [enrich 240/410] +100 (3.1s)
  [enrich 241/410] +100 (3.7s)
  [enrich 242/410] +100 (3.1s)
  [enrich 243/410] +100 (4.1s)
  [enrich 244/410] +100 (4.2s)
  [enrich 245/410] +100 (3.9s)
  [enrich 246/410] +100 (4.4s)
  [enrich 247/410] +100 (2.5s)
  [enrich 248/410] +100 (4.8s)
  [enrich 249/410] +100 (3.1s)
  [enrich 250/410] +100 (2.8s)
  [enrich 251/410] +100 (3.0s)
  [enrich 252/410] +100 (2.8s)
  [enrich 253/410] +100 (3.1s)
  [enrich 254/410] +100 (3.4s)
  [enrich 255/410] +100 (2.5s)
  [enrich 256/410] +100 (3.8s)
  [enrich 257/410] +100 (4.2s)
  [enrich 258/410] +100 (2.8s)
  [enrich 259/410] +100 (3.0s)
  [enrich 260/410] +100 (3.3s)
  [enrich 261/410] +100 (2.7s)
  [enrich 262/410] +100 (3.3s)
  [enrich 263/410] +100 (3.1s)
  [enrich 264/410] +100 (3.3s)
  [enrich 265/410] +100 (3.6s)
  [enrich 266/410] +100 (3.4s)
  [enrich 267/410] +100 (3.2s)
  [enrich 268/410] +100 (3.1s)
  [enrich 269/410] +100 (3.4s)
  [enrich 270/410] +100 (3.7s)
  [enrich 271/410] +100 (3.2s)
  [enrich 272/410] +100 (2.5s)
  [enrich 273/410] +100 (3.1s)
  [enrich 274/410] +100 (2.8s)
  [enrich 275/410] +100 (2.8s)
  [enrich 276/410] +100 (3.4s)
  [enrich 277/410] +100 (3.3s)
  [enrich 278/410] +100 (3.7s)
  [enrich 279/410] +100 (3.5s)
  [enrich 280/410] +100 (3.1s)
  [enrich 281/410] +100 (4.1s)
  [enrich 282/410] +100 (3.3s)
  [enrich 283/410] +100 (3.8s)
  [enrich 284/410] +100 (3.1s)
  [enrich 285/410] +100 (2.7s)
  [enrich 286/410] +100 (3.0s)
  [enrich 287/410] +100 (3.5s)
  [enrich 288/410] +100 (2.8s)
  [enrich 289/410] +100 (3.5s)
  [enrich 290/410] +100 (2.3s)
  [enrich 291/410] +100 (3.6s)
  [enrich 292/410] +100 (3.1s)
  [enrich 293/410] +100 (2.6s)
  [enrich 294/410] +100 (2.6s)
  [enrich 295/410] +100 (3.8s)
  [enrich 296/410] +100 (3.8s)
  [enrich 297/410] +100 (3.8s)
  [enrich 298/410] +100 (2.9s)
  [enrich 299/410] +100 (4.4s)
  [enrich 300/410] +100 (2.7s)
  [enrich 301/410] +100 (4.1s)
  [enrich 302/410] +100 (4.2s)
  [enrich 303/410] +100 (4.1s)
  [enrich 304/410] +100 (2.9s)
  [enrich 305/410] +100 (3.0s)
  [enrich 306/410] +100 (2.5s)
  [enrich 307/410] +100 (3.5s)
  [enrich 308/410] +100 (4.2s)
  [enrich 309/410] +100 (3.1s)
  [enrich 310/410] +100 (3.2s)
  [enrich 311/410] +100 (3.2s)
  [enrich 312/410] +100 (2.4s)
  [enrich 313/410] +100 (2.8s)
  [enrich 314/410] +100 (2.8s)
  [enrich 315/410] +100 (3.2s)
  [enrich 316/410] +100 (3.6s)
  [enrich 317/410] +100 (3.2s)
  [enrich 318/410] +100 (3.2s)
  [enrich 319/410] +100 (3.6s)
  [enrich 320/410] +100 (3.9s)
  [enrich 321/410] +100 (3.5s)
  [enrich 322/410] +100 (2.8s)
  [enrich 323/410] +100 (2.6s)
  [enrich 324/410] +100 (4.6s)
  [enrich 325/410] +100 (3.6s)
  [enrich 326/410] +100 (3.4s)
  [enrich 327/410] +100 (2.5s)
  [enrich 328/410] +100 (2.9s)
  [enrich 329/410] +100 (4.2s)
  [enrich 330/410] +100 (3.2s)
  [enrich 331/410] +100 (3.4s)
  [enrich 332/410] +100 (2.9s)
  [enrich 333/410] +100 (2.5s)
  [enrich 334/410] +100 (3.7s)
  [enrich 335/410] +100 (2.7s)
  [enrich 336/410] +100 (4.8s)
  [enrich 337/410] +100 (4.6s)
  [enrich 338/410] +100 (3.0s)
  [enrich 339/410] +100 (4.2s)
  [enrich 340/410] +100 (3.7s)
  [enrich 341/410] +100 (3.2s)
  [enrich 342/410] +100 (2.9s)
  [enrich 343/410] +100 (3.0s)
  [enrich 344/410] +100 (3.5s)
  [enrich 345/410] +100 (2.4s)
  [enrich 346/410] +100 (3.2s)
  [enrich 347/410] +100 (3.2s)
  [enrich 348/410] +100 (4.0s)
  [enrich 349/410] +100 (3.0s)
  [enrich 350/410] +100 (3.8s)
  [enrich 351/410] +100 (3.1s)
  [enrich 352/410] +100 (3.1s)
  [enrich 353/410] +100 (2.8s)
  [enrich 354/410] +100 (3.7s)
  [enrich 355/410] +100 (3.2s)
  [enrich 356/410] +100 (2.4s)
  [enrich 357/410] +100 (2.6s)
  [enrich 358/410] +100 (3.7s)
  [enrich 359/410] +100 (3.4s)
  [enrich 360/410] +100 (3.5s)
  [enrich 361/410] +100 (4.3s)
  [enrich 362/410] +100 (4.5s)
  [enrich 363/410] +100 (2.8s)
  [enrich 364/410] +100 (3.7s)
  [enrich 365/410] +100 (3.5s)
  [enrich 366/410] +100 (4.5s)
  [enrich 367/410] +100 (3.6s)
  [enrich 368/410] +100 (2.4s)
  [enrich 369/410] +100 (3.2s)
  [enrich 370/410] +100 (3.0s)
  [enrich 371/410] +100 (2.9s)
  [enrich 372/410] +100 (3.1s)
  [enrich 373/410] +100 (2.9s)
  [enrich 374/410] +100 (3.2s)
  [enrich 375/410] +100 (2.6s)
  [enrich 376/410] +100 (4.0s)
  [enrich 377/410] +100 (4.0s)
  [enrich 378/410] +100 (2.9s)
  [enrich 379/410] +100 (3.4s)
  [enrich 380/410] +100 (4.0s)
  [enrich 381/410] +100 (3.5s)
  [enrich 382/410] +100 (2.6s)
  [enrich 383/410] +100 (3.3s)
  [enrich 384/410] +100 (4.2s)
  [enrich 385/410] +100 (4.1s)
  [enrich 386/410] +100 (3.9s)
  [enrich 387/410] +100 (3.6s)
  [enrich 388/410] +100 (3.0s)
  [enrich 389/410] +100 (3.1s)
  [enrich 390/410] +100 (3.4s)
  [enrich 391/410] +100 (2.6s)
  [enrich 392/410] +100 (4.6s)
  [enrich 393/410] +100 (4.7s)
  [enrich 394/410] +100 (2.9s)
  [enrich 395/410] +100 (3.7s)
  [enrich 396/410] +100 (4.3s)
  [enrich 397/410] +100 (2.9s)
  [enrich 398/410] +100 (3.8s)
  [enrich 399/410] +100 (3.5s)
  [enrich 400/410] +100 (3.2s)
  [enrich 401/410] +100 (3.7s)
  [enrich 402/410] +100 (2.9s)
  [enrich 403/410] +100 (4.0s)
  [enrich 404/410] +100 (2.9s)
  [enrich 405/410] +100 (3.5s)
  [enrich 406/410] +100 (2.7s)
  [enrich 407/410] +100 (4.6s)
  [enrich 408/410] +100 (3.6s)
  [enrich 409/410] +100 (4.0s)
  [enrich 410/410] +84 (2.7s)
  fetch ticket_events (escalamientos SN1/SN2/MO)…
  [events pag 1] +1014 ev · acum    1014 · cambios grupo   225 · 2.0s
  [events pag 2] +1001 ev · acum    2015 · cambios grupo   393 · 2.8s
  [events pag 3] +1007 ev · acum    3022 · cambios grupo   581 · 2.0s
  [events pag 4] +1000 ev · acum    4022 · cambios grupo   790 · 2.0s
  [events pag 5] +1012 ev · acum    5034 · cambios grupo   987 · 2.0s
  [events pag 6] +1001 ev · acum    6035 · cambios grupo  1186 · 1.9s
  [events pag 7] +1004 ev · acum    7039 · cambios grupo  1385 · 2.0s
  [events pag 8] +1004 ev · acum    8043 · cambios grupo  1573 · 1.6s
  [events pag 9] +1000 ev · acum    9043 · cambios grupo  1784 · 2.0s
  [events pag 10] +1002 ev · acum   10045 · cambios grupo  1933 · 2.1s
  [events pag 11] rate limit, esperando 24s
  [events pag 11] +1007 ev · acum   11052 · cambios grupo  2113 · 1.6s
  [events pag 12] +1003 ev · acum   12055 · cambios grupo  2271 · 2.1s
  [events pag 13] +1010 ev · acum   13065 · cambios grupo  2495 · 1.6s
  [events pag 14] +1006 ev · acum   14071 · cambios grupo  2672 · 2.1s
  [events pag 15] +1006 ev · acum   15077 · cambios grupo  2834 · 1.5s
  [events pag 16] +1005 ev · acum   16082 · cambios grupo  3006 · 1.9s
  [events pag 17] +1005 ev · acum   17087 · cambios grupo  3201 · 1.6s
  [events pag 18] +1005 ev · acum   18092 · cambios grupo  3395 · 1.6s
  [events pag 19] +1043 ev · acum   19135 · cambios grupo  3556 · 1.5s
  [events pag 20] +1005 ev · acum   20140 · cambios grupo  3743 · 1.5s
  [events pag 21] rate limit, esperando 43s
  [events pag 21] +1006 ev · acum   21146 · cambios grupo  3921 · 1.5s
  [events pag 22] +1006 ev · acum   22152 · cambios grupo  4100 · 2.0s
  [events pag 23] +1002 ev · acum   23154 · cambios grupo  4259 · 1.5s
  [events pag 24] +1003 ev · acum   24157 · cambios grupo  4453 · 2.0s
  [events pag 25] +1012 ev · acum   25169 · cambios grupo  4624 · 2.1s
  [events pag 26] +1006 ev · acum   26175 · cambios grupo  4822 · 2.5s
  [events pag 27] +1001 ev · acum   27176 · cambios grupo  5022 · 2.0s
  [events pag 28] +1012 ev · acum   28188 · cambios grupo  5207 · 2.1s
  [events pag 29] +1006 ev · acum   29194 · cambios grupo  5376 · 1.8s
  [events pag 30] +1015 ev · acum   30209 · cambios grupo  5573 · 2.4s
  [events pag 31] rate limit, esperando 40s
  [events pag 31] +1007 ev · acum   31216 · cambios grupo  5752 · 1.5s
  [events pag 32] +1008 ev · acum   32224 · cambios grupo  5944 · 1.7s
  [events pag 33] +1001 ev · acum   33225 · cambios grupo  6124 · 1.9s
  [events pag 34] +1000 ev · acum   34225 · cambios grupo  6311 · 1.8s
  [events pag 35] +1002 ev · acum   35227 · cambios grupo  6510 · 1.7s
  [events pag 36] +1011 ev · acum   36238 · cambios grupo  6699 · 1.7s
  [events pag 37] +1020 ev · acum   37258 · cambios grupo  6865 · 1.6s
  [events pag 38] +1010 ev · acum   38268 · cambios grupo  7047 · 1.6s
  [events pag 39] +1001 ev · acum   39269 · cambios grupo  7206 · 2.1s
  [events pag 40] +1005 ev · acum   40274 · cambios grupo  7395 · 2.0s
  [events pag 41] rate limit, esperando 42s
  [events pag 41] +1000 ev · acum   41274 · cambios grupo  7557 · 1.9s
  [events pag 42] +1001 ev · acum   42275 · cambios grupo  7757 · 2.8s
  [events pag 43] +1011 ev · acum   43286 · cambios grupo  7939 · 2.0s
  [events pag 44] +1013 ev · acum   44299 · cambios grupo  8115 · 2.4s
  [events pag 45] +1012 ev · acum   45311 · cambios grupo  8301 · 2.0s
  [events pag 46] +1014 ev · acum   46325 · cambios grupo  8511 · 2.6s
  [events pag 47] +1004 ev · acum   47329 · cambios grupo  8737 · 2.6s
  [events pag 48] +1014 ev · acum   48343 · cambios grupo  8942 · 2.6s
  [events pag 49] +1011 ev · acum   49354 · cambios grupo  9124 · 1.9s
  [events pag 50] +1014 ev · acum   50368 · cambios grupo  9346 · 2.0s
  [events pag 51] rate limit, esperando 36s
  [events pag 51] +1004 ev · acum   51372 · cambios grupo  9519 · 2.4s
  [events pag 52] +1004 ev · acum   52376 · cambios grupo  9725 · 1.9s
  [events pag 53] +1011 ev · acum   53387 · cambios grupo  9910 · 2.7s
  [events pag 54] +1001 ev · acum   54388 · cambios grupo 10115 · 1.5s
  [events pag 55] +1006 ev · acum   55394 · cambios grupo 10316 · 2.4s
  [events pag 56] +1000 ev · acum   56394 · cambios grupo 10479 · 1.6s
  [events pag 57] +1002 ev · acum   57396 · cambios grupo 10698 · 2.4s
  [events pag 58] +1007 ev · acum   58403 · cambios grupo 10890 · 2.2s
  [events pag 59] +1002 ev · acum   59405 · cambios grupo 11067 · 2.0s
  [events pag 60] +1000 ev · acum   60405 · cambios grupo 11258 · 1.8s
  [events pag 61] rate limit, esperando 39s
  [events pag 61] +1000 ev · acum   61405 · cambios grupo 11425 · 1.7s
  [events pag 62] +1005 ev · acum   62410 · cambios grupo 11624 · 2.5s
  [events pag 63] +1011 ev · acum   63421 · cambios grupo 11813 · 2.0s
  [events pag 64] +1008 ev · acum   64429 · cambios grupo 12000 · 1.5s
  [events pag 65] +1001 ev · acum   65430 · cambios grupo 12180 · 1.6s
  [events pag 66] +1000 ev · acum   66430 · cambios grupo 12427 · 1.8s
  [events pag 67] +1000 ev · acum   67430 · cambios grupo 12715 · 1.4s
  [events pag 68] +1000 ev · acum   68430 · cambios grupo 12941 · 1.0s
  [events pag 69] +1000 ev · acum   69430 · cambios grupo 13136 · 1.4s
  [events pag 70] +1000 ev · acum   70430 · cambios grupo 13373 · 1.0s
  [events pag 71] rate limit, esperando 43s
  [events pag 71] +1000 ev · acum   71430 · cambios grupo 13563 · 1.2s
  [events pag 72] +1008 ev · acum   72438 · cambios grupo 13764 · 2.5s
  [events pag 73] +1000 ev · acum   73438 · cambios grupo 13950 · 2.1s
  [events pag 74] +1011 ev · acum   74449 · cambios grupo 14149 · 2.0s
  [events pag 75] +1004 ev · acum   75453 · cambios grupo 14323 · 1.8s
  [events pag 76] +1000 ev · acum   76453 · cambios grupo 14540 · 1.6s
  [events pag 77] +1000 ev · acum   77453 · cambios grupo 14721 · 1.7s
  [events pag 78] +1000 ev · acum   78453 · cambios grupo 14909 · 1.2s
  [events pag 79] +1000 ev · acum   79453 · cambios grupo 15005 · 1.3s
  [events pag 80] +1000 ev · acum   80453 · cambios grupo 15165 · 0.8s
  [events pag 81] rate limit, esperando 43s
  [events pag 81] +1000 ev · acum   81453 · cambios grupo 15293 · 0.9s
  [events pag 82] +1000 ev · acum   82453 · cambios grupo 15436 · 0.9s
  [events pag 83] +1000 ev · acum   83453 · cambios grupo 15553 · 1.8s
  [events pag 84] +1000 ev · acum   84453 · cambios grupo 15700 · 1.3s
  [events pag 85] +1000 ev · acum   85453 · cambios grupo 15770 · 0.7s
  [events pag 86] +1000 ev · acum   86453 · cambios grupo 15912 · 0.8s
  [events pag 87] +1000 ev · acum   87453 · cambios grupo 16088 · 1.0s
  [events pag 88] +1000 ev · acum   88453 · cambios grupo 16271 · 0.7s
  [events pag 89] +1000 ev · acum   89453 · cambios grupo 16434 · 0.9s
  [events pag 90] +1000 ev · acum   90453 · cambios grupo 16589 · 0.9s
  [events pag 91] rate limit, esperando 50s
  [events pag 91] +1000 ev · acum   91453 · cambios grupo 16737 · 0.9s
  [events pag 92] +1000 ev · acum   92453 · cambios grupo 16895 · 1.0s
  [events pag 93] +1000 ev · acum   93453 · cambios grupo 17045 · 0.8s
  [events pag 94] +1000 ev · acum   94453 · cambios grupo 17184 · 1.1s
  [events pag 95] +1000 ev · acum   95453 · cambios grupo 17338 · 0.7s
  [events pag 96] +1000 ev · acum   96453 · cambios grupo 17495 · 1.2s
  [events pag 97] +1000 ev · acum   97453 · cambios grupo 17633 · 1.1s
  [events pag 98] +1000 ev · acum   98453 · cambios grupo 17752 · 0.9s
  [events pag 99] +1000 ev · acum   99453 · cambios grupo 17875 · 1.3s
  [events pag 100] +1000 ev · acum  100453 · cambios grupo 18021 · 1.0s
  [events pag 101] rate limit, esperando 49s
  [events pag 101] +1000 ev · acum  101453 · cambios grupo 18139 · 1.3s
  [events pag 102] +1000 ev · acum  102453 · cambios grupo 18260 · 0.8s
  [events pag 103] +1000 ev · acum  103453 · cambios grupo 18333 · 0.8s
  [events pag 104] +1005 ev · acum  104458 · cambios grupo 18470 · 1.8s
  [events pag 105] +1037 ev · acum  105495 · cambios grupo 18651 · 2.1s
  [events pag 106] +1000 ev · acum  106495 · cambios grupo 18805 · 0.9s
  [events pag 107] +1000 ev · acum  107495 · cambios grupo 18973 · 0.8s
  [events pag 108] +1000 ev · acum  108495 · cambios grupo 19092 · 0.8s
  [events pag 109] +1000 ev · acum  109495 · cambios grupo 19232 · 1.8s
  [events pag 110] +1000 ev · acum  110495 · cambios grupo 19384 · 1.3s
  [events pag 111] rate limit, esperando 48s
  [events pag 111] +1000 ev · acum  111495 · cambios grupo 19544 · 1.0s
  [events pag 112] +1000 ev · acum  112495 · cambios grupo 19670 · 0.9s
  [events pag 113] +1000 ev · acum  113495 · cambios grupo 19801 · 1.1s
  [events pag 114] +1000 ev · acum  114495 · cambios grupo 19972 · 0.7s
  [events pag 115] +1000 ev · acum  115495 · cambios grupo 20119 · 0.7s
  [events pag 116] +1000 ev · acum  116495 · cambios grupo 20276 · 0.8s
  [events pag 117] +1000 ev · acum  117495 · cambios grupo 20413 · 0.8s
  [events pag 118] +1000 ev · acum  118495 · cambios grupo 20572 · 0.9s
  [events pag 119] +1000 ev · acum  119495 · cambios grupo 20743 · 0.9s
  [events pag 120] +1000 ev · acum  120495 · cambios grupo 20890 · 1.0s
  [events pag 121] rate limit, esperando 50s
  [events pag 121] +1000 ev · acum  121495 · cambios grupo 20975 · 1.1s
  [events pag 122] +1000 ev · acum  122495 · cambios grupo 21055 · 0.7s
  [events pag 123] +1000 ev · acum  123495 · cambios grupo 21225 · 0.8s
  [events pag 124] +1000 ev · acum  124495 · cambios grupo 21384 · 0.9s
  [events pag 125] +1000 ev · acum  125495 · cambios grupo 21534 · 0.8s
  [events pag 126] +1000 ev · acum  126495 · cambios grupo 21659 · 0.7s
  [events pag 127] +1000 ev · acum  127495 · cambios grupo 21823 · 0.9s
  [events pag 128] +1000 ev · acum  128495 · cambios grupo 21983 · 0.9s
  [events pag 129] +1000 ev · acum  129495 · cambios grupo 22139 · 1.3s
  [events pag 130] +1000 ev · acum  130495 · cambios grupo 22266 · 1.2s
  [events pag 131] rate limit, esperando 50s
  [events pag 131] +1000 ev · acum  131495 · cambios grupo 22376 · 0.8s
  [events pag 132] +1000 ev · acum  132495 · cambios grupo 22426 · 1.6s
  [events pag 133] +1791 ev · acum  134286 · cambios grupo 22497 · 3.3s
  [events pag 134] +1000 ev · acum  135286 · cambios grupo 22629 · 1.5s
  [events pag 135] +1000 ev · acum  136286 · cambios grupo 22788 · 0.8s
  [events pag 136] +1000 ev · acum  137286 · cambios grupo 22921 · 0.8s
  [events pag 137] +1000 ev · acum  138286 · cambios grupo 23067 · 0.8s
  [events pag 138] +1000 ev · acum  139286 · cambios grupo 23212 · 0.8s
  [events pag 139] +1000 ev · acum  140286 · cambios grupo 23335 · 0.9s
  [events pag 140] +1000 ev · acum  141286 · cambios grupo 23430 · 1.1s
  [events pag 141] rate limit, esperando 47s
  [events pag 141] +1000 ev · acum  142286 · cambios grupo 23622 · 0.9s
  [events pag 142] +1000 ev · acum  143286 · cambios grupo 23673 · 0.8s
  [events pag 143] +1000 ev · acum  144286 · cambios grupo 23838 · 0.8s
  [events pag 144] +1000 ev · acum  145286 · cambios grupo 23975 · 1.0s
  [events pag 145] +1000 ev · acum  146286 · cambios grupo 24115 · 1.2s
  [events pag 146] +1000 ev · acum  147286 · cambios grupo 24202 · 1.4s
  [events pag 147] +1000 ev · acum  148286 · cambios grupo 24274 · 2.2s
  [events pag 148] +1000 ev · acum  149286 · cambios grupo 24420 · 1.3s
  [events pag 149] +1000 ev · acum  150286 · cambios grupo 24531 · 1.1s
  [events pag 150] +1000 ev · acum  151286 · cambios grupo 24695 · 0.9s
  [events pag 151] rate limit, esperando 48s
  [events pag 151] +1000 ev · acum  152286 · cambios grupo 24858 · 1.1s
  [events pag 152] +1000 ev · acum  153286 · cambios grupo 25022 · 1.2s
  [events pag 153] +1000 ev · acum  154286 · cambios grupo 25173 · 1.4s
  [events pag 154] +1000 ev · acum  155286 · cambios grupo 25341 · 0.9s
  [events pag 155] +1000 ev · acum  156286 · cambios grupo 25485 · 0.8s
  [events pag 156] +1000 ev · acum  157286 · cambios grupo 25645 · 0.9s
  [events pag 157] +1000 ev · acum  158286 · cambios grupo 25779 · 0.9s
  [events pag 158] +1000 ev · acum  159286 · cambios grupo 25936 · 0.8s
  [events pag 159] +1009 ev · acum  160295 · cambios grupo 26025 · 1.3s
  [events pag 160] +1000 ev · acum  161295 · cambios grupo 26110 · 1.7s
  [events pag 161] rate limit, esperando 49s
  [events pag 161] +1000 ev · acum  162295 · cambios grupo 26248 · 0.8s
  [events pag 162] +1000 ev · acum  163295 · cambios grupo 26367 · 1.1s
  [events pag 163] +1000 ev · acum  164295 · cambios grupo 26437 · 0.8s
  [events pag 164] +1000 ev · acum  165295 · cambios grupo 26548 · 1.1s
  [events pag 165] +1011 ev · acum  166306 · cambios grupo 26675 · 1.2s
  [events pag 166] +1000 ev · acum  167306 · cambios grupo 26781 · 1.8s
  [events pag 167] +1000 ev · acum  168306 · cambios grupo 26952 · 0.9s
  [events pag 168] +1000 ev · acum  169306 · cambios grupo 27117 · 1.1s
  [events pag 169] +1000 ev · acum  170306 · cambios grupo 27272 · 1.0s
  [events pag 170] +1000 ev · acum  171306 · cambios grupo 27354 · 1.9s
  [events pag 171] rate limit, esperando 48s
  [events pag 171] +1000 ev · acum  172306 · cambios grupo 27492 · 0.8s
  [events pag 172] +1000 ev · acum  173306 · cambios grupo 27683 · 0.9s
  [events pag 173] +1000 ev · acum  174306 · cambios grupo 27823 · 0.7s
  [events pag 174] +1000 ev · acum  175306 · cambios grupo 27986 · 0.7s
  [events pag 175] +1000 ev · acum  176306 · cambios grupo 28147 · 0.9s
  [events pag 176] +1000 ev · acum  177306 · cambios grupo 28295 · 1.1s
  [events pag 177] +1000 ev · acum  178306 · cambios grupo 28428 · 0.8s
  [events pag 178] +1000 ev · acum  179306 · cambios grupo 28568 · 0.8s
  [events pag 179] +1000 ev · acum  180306 · cambios grupo 28725 · 0.9s
  [events pag 180] +1000 ev · acum  181306 · cambios grupo 28845 · 0.8s
  [events pag 181] rate limit, esperando 51s
  [events pag 181] +1000 ev · acum  182306 · cambios grupo 28974 · 0.8s
  [events pag 182] +1000 ev · acum  183306 · cambios grupo 29116 · 1.2s
  [events pag 183] +1000 ev · acum  184306 · cambios grupo 29226 · 0.7s
  [events pag 184] +1000 ev · acum  185306 · cambios grupo 29285 · 0.7s
  [events pag 185] +1000 ev · acum  186306 · cambios grupo 29439 · 0.8s
  [events pag 186] +1000 ev · acum  187306 · cambios grupo 29575 · 0.9s
  [events pag 187] +1000 ev · acum  188306 · cambios grupo 29755 · 1.0s
  [events pag 188] +1000 ev · acum  189306 · cambios grupo 29888 · 1.0s
  [events pag 189] +1000 ev · acum  190306 · cambios grupo 30048 · 0.9s
  [events pag 190] +1000 ev · acum  191306 · cambios grupo 30191 · 1.2s
  [events pag 191] rate limit, esperando 50s
  [events pag 191] +1000 ev · acum  192306 · cambios grupo 30368 · 0.8s
  [events pag 192] +1000 ev · acum  193306 · cambios grupo 30521 · 0.9s
  [events pag 193] +1000 ev · acum  194306 · cambios grupo 30656 · 1.1s
  [events pag 194] +1000 ev · acum  195306 · cambios grupo 30794 · 0.8s
  [events pag 195] +1000 ev · acum  196306 · cambios grupo 30945 · 0.8s
  [events pag 196] +1000 ev · acum  197306 · cambios grupo 31083 · 0.8s
  [events pag 197] +1000 ev · acum  198306 · cambios grupo 31225 · 1.2s
  [events pag 198] +1000 ev · acum  199306 · cambios grupo 31368 · 0.7s
  [events pag 199] +1000 ev · acum  200306 · cambios grupo 31558 · 0.9s
  [events pag 200] +1000 ev · acum  201306 · cambios grupo 31679 · 0.9s
  [events pag 201] rate limit, esperando 51s
  [events pag 201] +1000 ev · acum  202306 · cambios grupo 31798 · 1.5s
  [events pag 202] +1000 ev · acum  203306 · cambios grupo 31916 · 0.8s
  [events pag 203] +1000 ev · acum  204306 · cambios grupo 31969 · 0.7s
  [events pag 204] +1000 ev · acum  205306 · cambios grupo 32176 · 1.0s
  [events pag 205] +1000 ev · acum  206306 · cambios grupo 32333 · 1.6s
  [events pag 206] +1000 ev · acum  207306 · cambios grupo 32485 · 0.8s
  [events pag 207] +1000 ev · acum  208306 · cambios grupo 32620 · 1.3s
  [events pag 208] +1000 ev · acum  209306 · cambios grupo 32726 · 1.8s
  [events pag 209] +1000 ev · acum  210306 · cambios grupo 32893 · 0.7s
  [events pag 210] +1000 ev · acum  211306 · cambios grupo 33070 · 0.8s
  [events pag 211] rate limit, esperando 48s
  [events pag 211] +1000 ev · acum  212306 · cambios grupo 33217 · 0.8s
  [events pag 212] +1000 ev · acum  213306 · cambios grupo 33335 · 0.9s
  [events pag 213] +1000 ev · acum  214306 · cambios grupo 33473 · 0.9s
  [events pag 214] +1000 ev · acum  215306 · cambios grupo 33628 · 0.9s
  [events pag 215] +1000 ev · acum  216306 · cambios grupo 33738 · 1.1s
  [events pag 216] +1000 ev · acum  217306 · cambios grupo 33891 · 1.3s
  [events pag 217] +1000 ev · acum  218306 · cambios grupo 34044 · 0.8s
  [events pag 218] +1000 ev · acum  219306 · cambios grupo 34172 · 0.8s
  [events pag 219] +1000 ev · acum  220306 · cambios grupo 34324 · 0.8s
  [events pag 220] +1000 ev · acum  221306 · cambios grupo 34488 · 0.8s
  [events pag 221] rate limit, esperando 50s
  [events pag 221] +1000 ev · acum  222306 · cambios grupo 34601 · 0.8s
  [events pag 222] +1000 ev · acum  223306 · cambios grupo 34671 · 1.0s
  [events pag 223] +1000 ev · acum  224306 · cambios grupo 34821 · 1.7s
  [events pag 224] +1000 ev · acum  225306 · cambios grupo 34995 · 1.2s
  [events pag 225] +1000 ev · acum  226306 · cambios grupo 35167 · 0.7s
  [events pag 226] +1000 ev · acum  227306 · cambios grupo 35353 · 0.8s
  [events pag 227] +1000 ev · acum  228306 · cambios grupo 35499 · 0.8s
  [events pag 228] +1000 ev · acum  229306 · cambios grupo 35658 · 0.9s
  [events pag 229] +1000 ev · acum  230306 · cambios grupo 35825 · 1.0s
  [events pag 230] +1000 ev · acum  231306 · cambios grupo 35975 · 1.2s
  [events pag 231] rate limit, esperando 50s
  [events pag 231] +1000 ev · acum  232306 · cambios grupo 36113 · 0.8s
  [events pag 232] +1000 ev · acum  233306 · cambios grupo 36228 · 1.0s
  [events pag 233] +1000 ev · acum  234306 · cambios grupo 36364 · 1.1s
  [events pag 234] +1000 ev · acum  235306 · cambios grupo 36524 · 0.9s
  [events pag 235] +1000 ev · acum  236306 · cambios grupo 36662 · 0.8s
  [events pag 236] +1000 ev · acum  237306 · cambios grupo 36786 · 0.8s
  [events pag 237] +1000 ev · acum  238306 · cambios grupo 36902 · 0.9s
  [events pag 238] +1000 ev · acum  239306 · cambios grupo 37032 · 1.1s
  [events pag 239] +1000 ev · acum  240306 · cambios grupo 37167 · 0.9s
  [events pag 240] +1000 ev · acum  241306 · cambios grupo 37305 · 1.5s
  [events pag 241] rate limit, esperando 49s
  [events pag 241] +1000 ev · acum  242306 · cambios grupo 37360 · 1.2s
  [events pag 242] +1000 ev · acum  243306 · cambios grupo 37507 · 1.3s
  [events pag 243] +1000 ev · acum  244306 · cambios grupo 37661 · 0.8s
  [events pag 244] +1000 ev · acum  245306 · cambios grupo 37835 · 1.0s
  [events pag 245] +1000 ev · acum  246306 · cambios grupo 37988 · 0.8s
  [events pag 246] +1000 ev · acum  247306 · cambios grupo 38138 · 0.8s
  [events pag 247] +1000 ev · acum  248306 · cambios grupo 38316 · 1.4s
  [events pag 248] +1000 ev · acum  249306 · cambios grupo 38481 · 1.4s
  [events pag 249] +1000 ev · acum  250306 · cambios grupo 38607 · 1.1s
  [events pag 250] +1000 ev · acum  251306 · cambios grupo 38727 · 0.8s
  [events pag 251] rate limit, esperando 49s
  [events pag 251] +1000 ev · acum  252306 · cambios grupo 38922 · 0.7s
  [events pag 252] +1000 ev · acum  253306 · cambios grupo 39091 · 1.3s
  [events pag 253] +1000 ev · acum  254306 · cambios grupo 39232 · 1.0s
  [events pag 254] +1000 ev · acum  255306 · cambios grupo 39359 · 0.9s
  [events pag 255] +1000 ev · acum  256306 · cambios grupo 39509 · 0.9s
  [events pag 256] +1000 ev · acum  257306 · cambios grupo 39625 · 0.9s
  [events pag 257] +1000 ev · acum  258306 · cambios grupo 39743 · 1.0s
  [events pag 258] +1000 ev · acum  259306 · cambios grupo 39832 · 0.7s
  [events pag 259] +1000 ev · acum  260306 · cambios grupo 39911 · 0.8s
  [events pag 260] +1000 ev · acum  261306 · cambios grupo 40094 · 1.0s
  [events pag 261] rate limit, esperando 50s
  [events pag 261] +1000 ev · acum  262306 · cambios grupo 40247 · 1.0s
  [events pag 262] +1000 ev · acum  263306 · cambios grupo 40422 · 1.0s
  [events pag 263] +1000 ev · acum  264306 · cambios grupo 40595 · 1.2s
  [events pag 264] +1000 ev · acum  265306 · cambios grupo 40755 · 0.8s
  [events pag 265] +1000 ev · acum  266306 · cambios grupo 40904 · 0.9s
  [events pag 266] +1000 ev · acum  267306 · cambios grupo 41062 · 1.3s
  [events pag 267] +1000 ev · acum  268306 · cambios grupo 41205 · 1.1s
  [events pag 268] +1000 ev · acum  269306 · cambios grupo 41397 · 1.2s
  [events pag 269] +1000 ev · acum  270306 · cambios grupo 41520 · 1.0s
  [events pag 270] +1000 ev · acum  271306 · cambios grupo 41647 · 1.0s
  [events pag 271] rate limit, esperando 49s
  [events pag 271] +1000 ev · acum  272306 · cambios grupo 41804 · 0.9s
  [events pag 272] +1000 ev · acum  273306 · cambios grupo 41952 · 1.0s
  [events pag 273] +1000 ev · acum  274306 · cambios grupo 42096 · 1.1s
  [events pag 274] +1000 ev · acum  275306 · cambios grupo 42208 · 0.8s
  [events pag 275] +1000 ev · acum  276306 · cambios grupo 42380 · 1.0s
  [events pag 276] +1000 ev · acum  277306 · cambios grupo 42527 · 0.9s
  [events pag 277] +1000 ev · acum  278306 · cambios grupo 42636 · 0.9s
  [events pag 278] +1000 ev · acum  279306 · cambios grupo 42694 · 0.9s
  [events pag 279] +1000 ev · acum  280306 · cambios grupo 42875 · 1.6s
  [events pag 280] +1000 ev · acum  281306 · cambios grupo 43016 · 1.2s
  [events pag 281] rate limit, esperando 49s
  [events pag 281] +1000 ev · acum  282306 · cambios grupo 43197 · 1.3s
  [events pag 282] +1000 ev · acum  283306 · cambios grupo 43375 · 1.0s
  [events pag 283] +1000 ev · acum  284306 · cambios grupo 43516 · 1.5s
  [events pag 284] +1005 ev · acum  285311 · cambios grupo 43613 · 1.7s
  [events pag 285] +1000 ev · acum  286311 · cambios grupo 43717 · 2.4s
  [events pag 286] +1000 ev · acum  287311 · cambios grupo 43872 · 1.1s
  [events pag 287] +1000 ev · acum  288311 · cambios grupo 44058 · 1.5s
  [events pag 288] +1000 ev · acum  289311 · cambios grupo 44171 · 0.7s
  [events pag 289] +1000 ev · acum  290311 · cambios grupo 44312 · 0.9s
  [events pag 290] +1000 ev · acum  291311 · cambios grupo 44447 · 1.1s
  [events pag 291] rate limit, esperando 46s
  [events pag 291] +1000 ev · acum  292311 · cambios grupo 44617 · 1.7s
  [events pag 292] +1000 ev · acum  293311 · cambios grupo 44764 · 0.9s
  [events pag 293] +1000 ev · acum  294311 · cambios grupo 44869 · 1.1s
  [events pag 294] +1000 ev · acum  295311 · cambios grupo 45026 · 0.7s
  [events pag 295] +1000 ev · acum  296311 · cambios grupo 45214 · 1.0s
  [events pag 296] +1000 ev · acum  297311 · cambios grupo 45372 · 1.2s
  [events pag 297] +1000 ev · acum  298311 · cambios grupo 45496 · 0.8s
  [events pag 298] +1000 ev · acum  299311 · cambios grupo 45630 · 1.0s
  [events pag 299] +1000 ev · acum  300311 · cambios grupo 45657 · 0.8s
  [events pag 300] +1000 ev · acum  301311 · cambios grupo 45810 · 1.0s
  [events pag 301] rate limit, esperando 50s
  [events pag 301] +1000 ev · acum  302311 · cambios grupo 45987 · 1.1s
  [events pag 302] +1000 ev · acum  303311 · cambios grupo 46125 · 1.3s
  [events pag 303] +1000 ev · acum  304311 · cambios grupo 46303 · 1.3s
  [events pag 304] +1000 ev · acum  305311 · cambios grupo 46448 · 1.1s
  [events pag 305] +1000 ev · acum  306311 · cambios grupo 46611 · 1.3s
  [events pag 306] +1000 ev · acum  307311 · cambios grupo 46739 · 1.2s
  [events pag 307] +1000 ev · acum  308311 · cambios grupo 46871 · 0.8s
  [events pag 308] +1000 ev · acum  309311 · cambios grupo 47031 · 0.8s
  [events pag 309] +1000 ev · acum  310311 · cambios grupo 47159 · 0.9s
  [events pag 310] +1000 ev · acum  311311 · cambios grupo 47327 · 1.1s
  [events pag 311] rate limit, esperando 48s
  [events pag 311] +1000 ev · acum  312311 · cambios grupo 47476 · 0.7s
  [events pag 312] +1000 ev · acum  313311 · cambios grupo 47635 · 1.1s
  [events pag 313] +1000 ev · acum  314311 · cambios grupo 47779 · 1.0s
  [events pag 314] +1000 ev · acum  315311 · cambios grupo 47898 · 0.8s
  [events pag 315] +1000 ev · acum  316311 · cambios grupo 48028 · 0.8s
  [events pag 316] +1000 ev · acum  317311 · cambios grupo 48160 · 0.8s
  [events pag 317] +1000 ev · acum  318311 · cambios grupo 48322 · 0.7s
  [events pag 318] +1000 ev · acum  319311 · cambios grupo 48451 · 1.0s
  [events pag 319] +1000 ev · acum  320311 · cambios grupo 48523 · 0.8s
  [events pag 320] +1000 ev · acum  321311 · cambios grupo 48652 · 0.7s
  [events pag 321] rate limit, esperando 52s
  [events pag 321] +1000 ev · acum  322311 · cambios grupo 48848 · 0.8s
  [events pag 322] +1000 ev · acum  323311 · cambios grupo 49025 · 1.3s
  [events pag 323] +1000 ev · acum  324311 · cambios grupo 49178 · 0.9s
  [events pag 324] +1000 ev · acum  325311 · cambios grupo 49346 · 1.1s
  [events pag 325] +1005 ev · acum  326316 · cambios grupo 49504 · 2.1s
  [events pag 326] +1000 ev · acum  327316 · cambios grupo 49563 · 1.7s
  [events pag 327] +1000 ev · acum  328316 · cambios grupo 49697 · 0.7s
  [events pag 328] +1000 ev · acum  329316 · cambios grupo 49840 · 0.9s
  [events pag 329] +1000 ev · acum  330316 · cambios grupo 50045 · 0.8s
  [events pag 330] +1000 ev · acum  331316 · cambios grupo 50167 · 0.8s
  [events pag 331] rate limit, esperando 48s
  [events pag 331] +1000 ev · acum  332316 · cambios grupo 50291 · 1.0s
  [events pag 332] +1000 ev · acum  333316 · cambios grupo 50385 · 0.7s
  [events pag 333] +1000 ev · acum  334316 · cambios grupo 50501 · 1.1s
  [events pag 334] +1000 ev · acum  335316 · cambios grupo 50735 · 1.2s
  [events pag 335] +1000 ev · acum  336316 · cambios grupo 51046 · 1.5s
  [events pag 336] +1000 ev · acum  337316 · cambios grupo 51231 · 0.9s
  [events pag 337] +1000 ev · acum  338316 · cambios grupo 51341 · 1.5s
  [events pag 338] +1000 ev · acum  339316 · cambios grupo 51475 · 0.8s
  [events pag 339] +1000 ev · acum  340316 · cambios grupo 51600 · 0.9s
  [events pag 340] +1000 ev · acum  341316 · cambios grupo 51713 · 1.3s
  [events pag 341] rate limit, esperando 49s
  [events pag 341] +1000 ev · acum  342316 · cambios grupo 51743 · 1.0s
  [events pag 342] +1000 ev · acum  343316 · cambios grupo 51837 · 1.1s
  [events pag 343] +1000 ev · acum  344316 · cambios grupo 52038 · 0.9s
  [events pag 344] +1000 ev · acum  345316 · cambios grupo 52168 · 1.2s
  [events pag 345] +1000 ev · acum  346316 · cambios grupo 52334 · 1.1s
  [events pag 346] +1000 ev · acum  347316 · cambios grupo 52485 · 0.9s
  [events pag 347] +1000 ev · acum  348316 · cambios grupo 52636 · 1.4s
  [events pag 348] +1000 ev · acum  349316 · cambios grupo 52791 · 0.8s
  [events pag 349] +1000 ev · acum  350316 · cambios grupo 52918 · 0.8s
  [events pag 350] +1000 ev · acum  351316 · cambios grupo 53059 · 1.1s
  [events pag 351] rate limit, esperando 49s
  [events pag 351] +1000 ev · acum  352316 · cambios grupo 53174 · 0.9s
  [events pag 352] +1000 ev · acum  353316 · cambios grupo 53310 · 1.3s
  [events pag 353] +1000 ev · acum  354316 · cambios grupo 53420 · 1.7s
  [events pag 354] +1000 ev · acum  355316 · cambios grupo 53508 · 1.2s
  [events pag 355] +1000 ev · acum  356316 · cambios grupo 53645 · 1.2s
  [events pag 356] +1000 ev · acum  357316 · cambios grupo 53744 · 1.5s
  [events pag 357] +1000 ev · acum  358316 · cambios grupo 53901 · 1.2s
  [events pag 358] +1000 ev · acum  359316 · cambios grupo 54025 · 1.3s
  [events pag 359] +1000 ev · acum  360316 · cambios grupo 54164 · 1.2s
  [events pag 360] +1000 ev · acum  361316 · cambios grupo 54273 · 1.0s
  [events pag 361] rate limit, esperando 47s
  [events pag 361] +1000 ev · acum  362316 · cambios grupo 54445 · 1.0s
  [events pag 362] +1000 ev · acum  363316 · cambios grupo 54582 · 0.8s
  [events pag 363] +1000 ev · acum  364316 · cambios grupo 54707 · 1.1s
  [events pag 364] +1000 ev · acum  365316 · cambios grupo 54805 · 1.1s
  [events pag 365] +1000 ev · acum  366316 · cambios grupo 54921 · 0.9s
  [events pag 366] +1000 ev · acum  367316 · cambios grupo 55090 · 1.1s
  [events pag 367] +1000 ev · acum  368316 · cambios grupo 55267 · 1.1s
  [events pag 368] +1000 ev · acum  369316 · cambios grupo 55415 · 1.1s
  [events pag 369] +1000 ev · acum  370316 · cambios grupo 55566 · 1.1s
  [events pag 370] +1000 ev · acum  371316 · cambios grupo 55728 · 1.0s
  [events pag 371] rate limit, esperando 49s
  [events pag 371] +1000 ev · acum  372316 · cambios grupo 55868 · 1.1s
  [events pag 372] +1000 ev · acum  373316 · cambios grupo 56057 · 1.0s
  [events pag 373] +1000 ev · acum  374316 · cambios grupo 56180 · 1.3s
  [events pag 374] +1000 ev · acum  375316 · cambios grupo 56317 · 1.0s
  [events pag 375] +1000 ev · acum  376316 · cambios grupo 56443 · 1.0s
  [events pag 376] +1000 ev · acum  377316 · cambios grupo 56578 · 1.2s
  [events pag 377] +1000 ev · acum  378316 · cambios grupo 56723 · 1.0s
  [events pag 378] +1000 ev · acum  379316 · cambios grupo 56898 · 1.1s
  [events pag 379] +1000 ev · acum  380316 · cambios grupo 57044 · 1.2s
  [events pag 380] +1000 ev · acum  381316 · cambios grupo 57179 · 0.9s
  [events pag 381] rate limit, esperando 48s
  [events pag 381] +1000 ev · acum  382316 · cambios grupo 57332 · 1.1s
  [events pag 382] +1000 ev · acum  383316 · cambios grupo 57483 · 1.3s
  [events pag 383] +1000 ev · acum  384316 · cambios grupo 57616 · 1.1s
  [events pag 384] +1000 ev · acum  385316 · cambios grupo 57760 · 0.9s
  [events pag 385] +1000 ev · acum  386316 · cambios grupo 57828 · 0.8s
  [events pag 386] +1000 ev · acum  387316 · cambios grupo 57876 · 0.7s
  [events pag 387] +1000 ev · acum  388316 · cambios grupo 58027 · 1.0s
  [events pag 388] +1000 ev · acum  389316 · cambios grupo 58172 · 1.3s
  [events pag 389] +1000 ev · acum  390316 · cambios grupo 58304 · 0.9s
  [events pag 390] +1000 ev · acum  391316 · cambios grupo 58463 · 0.9s
  [events pag 391] rate limit, esperando 49s
  [events pag 391] +1000 ev · acum  392316 · cambios grupo 58620 · 0.9s
  [events pag 392] +1000 ev · acum  393316 · cambios grupo 58764 · 1.1s
  [events pag 393] +1000 ev · acum  394316 · cambios grupo 58909 · 1.0s
  [events pag 394] +1000 ev · acum  395316 · cambios grupo 59062 · 1.3s
  [events pag 395] +1000 ev · acum  396316 · cambios grupo 59181 · 1.3s
  [events pag 396] +1000 ev · acum  397316 · cambios grupo 59300 · 1.3s
  [events pag 397] +1000 ev · acum  398316 · cambios grupo 59429 · 1.3s
  [events pag 398] +1000 ev · acum  399316 · cambios grupo 59556 · 1.1s
  [events pag 399] +1000 ev · acum  400316 · cambios grupo 59676 · 1.1s
  [events pag 400] +1000 ev · acum  401316 · cambios grupo 59785 · 1.1s
  [events pag 401] rate limit, esperando 48s
  [events pag 401] +1000 ev · acum  402316 · cambios grupo 59908 · 0.9s
  [events pag 402] +1000 ev · acum  403316 · cambios grupo 60117 · 0.9s
  [events pag 403] +1000 ev · acum  404316 · cambios grupo 60308 · 1.0s
  [events pag 404] +1000 ev · acum  405316 · cambios grupo 60457 · 0.9s
  [events pag 405] +1000 ev · acum  406316 · cambios grupo 60611 · 0.9s
  [events pag 406] +1000 ev · acum  407316 · cambios grupo 60793 · 0.9s
  [events pag 407] +1000 ev · acum  408316 · cambios grupo 60935 · 1.0s
  [events pag 408] +1000 ev · acum  409316 · cambios grupo 61073 · 1.0s
  [events pag 409] +1000 ev · acum  410316 · cambios grupo 61215 · 1.4s
  [events pag 410] +1070 ev · acum  411386 · cambios grupo 61281 · 1.9s
  [events pag 411] rate limit, esperando 48s
  [events pag 411] +1000 ev · acum  412386 · cambios grupo 61421 · 1.1s
  [events pag 412] +1000 ev · acum  413386 · cambios grupo 61577 · 1.0s
  [events pag 413] +1000 ev · acum  414386 · cambios grupo 61710 · 1.2s
  [events pag 414] +1000 ev · acum  415386 · cambios grupo 61848 · 1.0s
  [events pag 415] +1000 ev · acum  416386 · cambios grupo 61990 · 0.8s
  [events pag 416] +1000 ev · acum  417386 · cambios grupo 62138 · 1.0s
  [events pag 417] +1000 ev · acum  418386 · cambios grupo 62249 · 1.2s
  [events pag 418] +1000 ev · acum  419386 · cambios grupo 62353 · 1.1s
  [events pag 419] +1000 ev · acum  420386 · cambios grupo 62503 · 0.9s
  [events pag 420] + 321 ev · acum  420707 · cambios grupo 62548 · 0.6s
  total ticket_events: 420707 · tickets con cambio de grupo: 30916 · 2454.7s
  escalamientos: 4576 tickets tocaron SN2 · 252 tocaron MO · 598 devoluciones SN2→SN1
  depuración: 41495 → 39108 tickets (2387 descartados: deleted + cerrados pre-2026-01-01)

escrito C:\Users\alvaro.cortes\dev\ICClaude\outputs\cs-panel\data\seed.js (29.0 MB)
  publicando seed a n8n… (gzip+base64 = 3.3 MB)
  ✅ seed publicado a n8n — count=39108
DONE | tickets:39108 activos:447 groups:19 agents:133 orgs:2203
synced_until: 2026-05-28T23:31:17Z
