=== 1. csDataCursor en PanelCSMeta ===
  value: 1780015976 (2026-05-29T00:52:56+00:00)
  updatedAt: 2026-05-29T00:55:31.603Z
  notes: Auto-updated by CS Data v2 schedule (max updatedAtUnix - 60s overlap)
  edad cursor: 5.0 min

=== 2. Workflow CS Data v2 (Mongo) ===
  id: eOarJPeIeUPI45de
  active: True
  nodes: 15
  nodos enrich presentes: ['Collect Enrich Chunks', 'Zendesk show_many', 'Enrich Merge']

=== 3. Executions recientes del workflow ===
  Total devuelto: 15
  STATUS       MODE         STARTED                      STOPPED                      FINISHED  
  error        trigger      2026-05-29T00:45:27.010Z     2026-05-29T00:45:29.066Z     no        
  error        trigger      2026-05-29T00:40:27.008Z     2026-05-29T00:40:29.182Z     no        
  error        trigger      2026-05-29T00:35:27.011Z     2026-05-29T00:35:28.989Z     no        
  error        trigger      2026-05-29T00:30:27.008Z     2026-05-29T00:30:28.695Z     no        
  error        trigger      2026-05-29T00:25:27.010Z     2026-05-29T00:25:28.716Z     no        
  error        trigger      2026-05-29T00:20:27.011Z     2026-05-29T00:20:28.794Z     no        
  error        trigger      2026-05-29T00:15:27.010Z     2026-05-29T00:15:28.877Z     no        
  error        trigger      2026-05-29T00:10:27.014Z     2026-05-29T00:10:29.375Z     no        
  error        trigger      2026-05-29T00:05:27.011Z     2026-05-29T00:05:28.728Z     no        
  error        trigger      2026-05-28T23:25:27.013Z     2026-05-28T23:25:28.683Z     no        
  error        trigger      2026-05-28T23:20:27.012Z     2026-05-28T23:20:28.756Z     no        
  error        trigger      2026-05-28T23:15:27.010Z     2026-05-28T23:15:28.855Z     no        
  error        trigger      2026-05-28T23:10:27.010Z     2026-05-28T23:10:28.773Z     no        
  error        trigger      2026-05-28T23:05:27.012Z     2026-05-28T23:05:28.995Z     no        
  error        trigger      2026-05-28T23:00:27.011Z     2026-05-28T23:00:28.772Z     no        

=== 4. Conteo Mongo de actividad reciente ===
  Tocados por Schedule v2 en últimos 30 min: 0
  Tocados por populate (carga inicial) en últimos 30 min: 39105
